{"/Users/EACM/Documents/Developer/vegan-project/cdmx-guide-api/app.js": {"path":"/Users/EACM/Documents/Developer/vegan-project/cdmx-guide-api/app.js","statementMap":{"0":{"start":{"line":1,"column":0},"end":{"line":1,"column":26}},"1":{"start":{"line":3,"column":19},"end":{"line":3,"column":41}},"2":{"start":{"line":4,"column":21},"end":{"line":4,"column":45}},"3":{"start":{"line":5,"column":16},"end":{"line":5,"column":34}},"4":{"start":{"line":6,"column":17},"end":{"line":6,"column":36}},"5":{"start":{"line":7,"column":15},"end":{"line":7,"column":32}},"6":{"start":{"line":8,"column":13},"end":{"line":8,"column":28}},"7":{"start":{"line":9,"column":15},"end":{"line":9,"column":32}},"8":{"start":{"line":10,"column":13},"end":{"line":10,"column":28}},"9":{"start":{"line":11,"column":16},"end":{"line":11,"column":42}},"10":{"start":{"line":13,"column":0},"end":{"line":25,"column":67}},"11":{"start":{"line":20,"column":2},"end":{"line":23,"column":3}},"12":{"start":{"line":25,"column":15},"end":{"line":25,"column":66}},"13":{"start":{"line":27,"column":17},"end":{"line":27,"column":47}},"14":{"start":{"line":28,"column":14},"end":{"line":28,"column":88}},"15":{"start":{"line":30,"column":12},"end":{"line":30,"column":21}},"16":{"start":{"line":32,"column":0},"end":{"line":37,"column":1}},"17":{"start":{"line":39,"column":0},"end":{"line":39,"column":55}},"18":{"start":{"line":40,"column":0},"end":{"line":40,"column":51}},"19":{"start":{"line":41,"column":0},"end":{"line":41,"column":32}},"20":{"start":{"line":42,"column":0},"end":{"line":42,"column":29}},"21":{"start":{"line":43,"column":0},"end":{"line":43,"column":22}},"22":{"start":{"line":47,"column":14},"end":{"line":47,"column":39}},"23":{"start":{"line":48,"column":0},"end":{"line":48,"column":19}},"24":{"start":{"line":50,"column":15},"end":{"line":50,"column":48}},"25":{"start":{"line":51,"column":0},"end":{"line":51,"column":31}},"26":{"start":{"line":53,"column":19},"end":{"line":53,"column":57}},"27":{"start":{"line":54,"column":0},"end":{"line":54,"column":39}},"28":{"start":{"line":56,"column":13},"end":{"line":56,"column":44}},"29":{"start":{"line":57,"column":0},"end":{"line":57,"column":27}},"30":{"start":{"line":59,"column":15},"end":{"line":59,"column":49}},"31":{"start":{"line":60,"column":0},"end":{"line":60,"column":31}},"32":{"start":{"line":62,"column":17},"end":{"line":62,"column":52}},"33":{"start":{"line":63,"column":0},"end":{"line":63,"column":36}},"34":{"start":{"line":65,"column":15},"end":{"line":65,"column":48}},"35":{"start":{"line":66,"column":0},"end":{"line":66,"column":30}},"36":{"start":{"line":68,"column":19},"end":{"line":68,"column":56}},"37":{"start":{"line":69,"column":0},"end":{"line":69,"column":37}},"38":{"start":{"line":73,"column":0},"end":{"line":73,"column":20}}},"fnMap":{"0":{"name":"(anonymous_0)","decl":{"start":{"line":19,"column":7},"end":{"line":19,"column":8}},"loc":{"start":{"line":20,"column":2},"end":{"line":23,"column":3}},"line":20},"1":{"name":"(anonymous_1)","decl":{"start":{"line":25,"column":8},"end":{"line":25,"column":9}},"loc":{"start":{"line":25,"column":15},"end":{"line":25,"column":66}},"line":25}},"branchMap":{},"s":{"0":1,"1":1,"2":1,"3":1,"4":1,"5":1,"6":1,"7":1,"8":1,"9":1,"10":1,"11":0,"12":0,"13":1,"14":1,"15":1,"16":1,"17":1,"18":1,"19":1,"20":1,"21":1,"22":1,"23":1,"24":1,"25":1,"26":1,"27":1,"28":1,"29":1,"30":1,"31":1,"32":1,"33":1,"34":1,"35":1,"36":1,"37":1,"38":1},"f":{"0":0,"1":0},"b":{},"_coverageSchema":"1a1c01bbd47fc00a2c39e90264f33305004495a9","hash":"dfd8d44ed207e971be080ac6084e3295f7902575"}
,"/Users/EACM/Documents/Developer/vegan-project/cdmx-guide-api/controllers/auth.js": {"path":"/Users/EACM/Documents/Developer/vegan-project/cdmx-guide-api/controllers/auth.js","statementMap":{"0":{"start":{"line":1,"column":13},"end":{"line":1,"column":38}},"1":{"start":{"line":2,"column":22},"end":{"line":2,"column":55}},"2":{"start":{"line":3,"column":21},"end":{"line":3,"column":53}},"3":{"start":{"line":9,"column":0},"end":{"line":26,"column":2}},"4":{"start":{"line":10,"column":29},"end":{"line":10,"column":37}},"5":{"start":{"line":12,"column":14},"end":{"line":12,"column":43}},"6":{"start":{"line":14,"column":1},"end":{"line":25,"column":2}},"7":{"start":{"line":15,"column":2},"end":{"line":21,"column":4}},"8":{"start":{"line":23,"column":2},"end":{"line":23,"column":17}},"9":{"start":{"line":24,"column":2},"end":{"line":24,"column":46}},"10":{"start":{"line":32,"column":0},"end":{"line":59,"column":2}},"11":{"start":{"line":33,"column":39},"end":{"line":33,"column":47}},"12":{"start":{"line":35,"column":20},"end":{"line":35,"column":49}},"13":{"start":{"line":37,"column":1},"end":{"line":39,"column":2}},"14":{"start":{"line":38,"column":2},"end":{"line":38,"column":60}},"15":{"start":{"line":41,"column":14},"end":{"line":45,"column":3}},"16":{"start":{"line":47,"column":1},"end":{"line":58,"column":2}},"17":{"start":{"line":48,"column":2},"end":{"line":54,"column":4}},"18":{"start":{"line":56,"column":2},"end":{"line":56,"column":17}},"19":{"start":{"line":57,"column":2},"end":{"line":57,"column":46}},"20":{"start":{"line":65,"column":0},"end":{"line":74,"column":2}},"21":{"start":{"line":66,"column":14},"end":{"line":66,"column":47}},"22":{"start":{"line":68,"column":1},"end":{"line":73,"column":2}},"23":{"start":{"line":69,"column":2},"end":{"line":69,"column":32}},"24":{"start":{"line":71,"column":2},"end":{"line":71,"column":17}},"25":{"start":{"line":72,"column":2},"end":{"line":72,"column":61}},"26":{"start":{"line":80,"column":0},"end":{"line":104,"column":2}},"27":{"start":{"line":81,"column":14},"end":{"line":81,"column":47}},"28":{"start":{"line":83,"column":1},"end":{"line":103,"column":2}},"29":{"start":{"line":84,"column":2},"end":{"line":84,"column":52}},"30":{"start":{"line":85,"column":2},"end":{"line":85,"column":43}},"31":{"start":{"line":87,"column":2},"end":{"line":89,"column":3}},"32":{"start":{"line":88,"column":3},"end":{"line":88,"column":36}},"33":{"start":{"line":91,"column":22},"end":{"line":91,"column":39}},"34":{"start":{"line":93,"column":2},"end":{"line":99,"column":4}},"35":{"start":{"line":101,"column":2},"end":{"line":101,"column":17}},"36":{"start":{"line":102,"column":2},"end":{"line":102,"column":61}},"37":{"start":{"line":110,"column":0},"end":{"line":117,"column":2}},"38":{"start":{"line":111,"column":1},"end":{"line":116,"column":2}},"39":{"start":{"line":112,"column":16},"end":{"line":112,"column":35}},"40":{"start":{"line":113,"column":2},"end":{"line":113,"column":39}},"41":{"start":{"line":115,"column":2},"end":{"line":115,"column":51}},"42":{"start":{"line":123,"column":0},"end":{"line":134,"column":2}},"43":{"start":{"line":124,"column":1},"end":{"line":133,"column":2}},"44":{"start":{"line":125,"column":15},"end":{"line":125,"column":49}},"45":{"start":{"line":127,"column":2},"end":{"line":130,"column":3}},"46":{"start":{"line":128,"column":3},"end":{"line":128,"column":22}},"47":{"start":{"line":129,"column":3},"end":{"line":129,"column":62}},"48":{"start":{"line":132,"column":2},"end":{"line":132,"column":51}},"49":{"start":{"line":140,"column":0},"end":{"line":150,"column":2}},"50":{"start":{"line":141,"column":1},"end":{"line":149,"column":2}},"51":{"start":{"line":142,"column":15},"end":{"line":142,"column":69}},"52":{"start":{"line":144,"column":2},"end":{"line":146,"column":3}},"53":{"start":{"line":145,"column":3},"end":{"line":145,"column":39}},"54":{"start":{"line":148,"column":2},"end":{"line":148,"column":51}},"55":{"start":{"line":156,"column":0},"end":{"line":177,"column":2}},"56":{"start":{"line":157,"column":1},"end":{"line":176,"column":2}},"57":{"start":{"line":158,"column":15},"end":{"line":158,"column":49}},"58":{"start":{"line":160,"column":2},"end":{"line":173,"column":3}},"59":{"start":{"line":161,"column":3},"end":{"line":161,"column":53}},"60":{"start":{"line":162,"column":3},"end":{"line":162,"column":44}},"61":{"start":{"line":163,"column":3},"end":{"line":163,"column":34}},"62":{"start":{"line":165,"column":23},"end":{"line":165,"column":40}},"63":{"start":{"line":167,"column":3},"end":{"line":172,"column":5}},"64":{"start":{"line":175,"column":2},"end":{"line":175,"column":51}}},"fnMap":{"0":{"name":"(anonymous_0)","decl":{"start":{"line":9,"column":33},"end":{"line":9,"column":34}},"loc":{"start":{"line":9,"column":53},"end":{"line":26,"column":1}},"line":9},"1":{"name":"(anonymous_1)","decl":{"start":{"line":32,"column":36},"end":{"line":32,"column":37}},"loc":{"start":{"line":32,"column":56},"end":{"line":59,"column":1}},"line":32},"2":{"name":"(anonymous_2)","decl":{"start":{"line":65,"column":38},"end":{"line":65,"column":39}},"loc":{"start":{"line":65,"column":58},"end":{"line":74,"column":1}},"line":65},"3":{"name":"(anonymous_3)","decl":{"start":{"line":80,"column":41},"end":{"line":80,"column":42}},"loc":{"start":{"line":80,"column":61},"end":{"line":104,"column":1}},"line":80},"4":{"name":"(anonymous_4)","decl":{"start":{"line":110,"column":32},"end":{"line":110,"column":33}},"loc":{"start":{"line":110,"column":52},"end":{"line":117,"column":1}},"line":110},"5":{"name":"(anonymous_5)","decl":{"start":{"line":123,"column":34},"end":{"line":123,"column":35}},"loc":{"start":{"line":123,"column":54},"end":{"line":134,"column":1}},"line":123},"6":{"name":"(anonymous_6)","decl":{"start":{"line":140,"column":35},"end":{"line":140,"column":36}},"loc":{"start":{"line":140,"column":55},"end":{"line":150,"column":1}},"line":140},"7":{"name":"(anonymous_7)","decl":{"start":{"line":156,"column":34},"end":{"line":156,"column":35}},"loc":{"start":{"line":156,"column":54},"end":{"line":177,"column":1}},"line":156}},"branchMap":{"0":{"loc":{"start":{"line":14,"column":1},"end":{"line":25,"column":2}},"type":"if","locations":[{"start":{"line":14,"column":1},"end":{"line":25,"column":2}},{"start":{"line":14,"column":1},"end":{"line":25,"column":2}}],"line":14},"1":{"loc":{"start":{"line":14,"column":5},"end":{"line":14,"column":49}},"type":"binary-expr","locations":[{"start":{"line":14,"column":5},"end":{"line":14,"column":9}},{"start":{"line":14,"column":14},"end":{"line":14,"column":48}}],"line":14},"2":{"loc":{"start":{"line":37,"column":1},"end":{"line":39,"column":2}},"type":"if","locations":[{"start":{"line":37,"column":1},"end":{"line":39,"column":2}},{"start":{"line":37,"column":1},"end":{"line":39,"column":2}}],"line":37},"3":{"loc":{"start":{"line":47,"column":1},"end":{"line":58,"column":2}},"type":"if","locations":[{"start":{"line":47,"column":1},"end":{"line":58,"column":2}},{"start":{"line":47,"column":1},"end":{"line":58,"column":2}}],"line":47},"4":{"loc":{"start":{"line":68,"column":1},"end":{"line":73,"column":2}},"type":"if","locations":[{"start":{"line":68,"column":1},"end":{"line":73,"column":2}},{"start":{"line":68,"column":1},"end":{"line":73,"column":2}}],"line":68},"5":{"loc":{"start":{"line":83,"column":1},"end":{"line":103,"column":2}},"type":"if","locations":[{"start":{"line":83,"column":1},"end":{"line":103,"column":2}},{"start":{"line":83,"column":1},"end":{"line":103,"column":2}}],"line":83},"6":{"loc":{"start":{"line":84,"column":18},"end":{"line":84,"column":52}},"type":"binary-expr","locations":[{"start":{"line":84,"column":18},"end":{"line":84,"column":35}},{"start":{"line":84,"column":39},"end":{"line":84,"column":52}}],"line":84},"7":{"loc":{"start":{"line":85,"column":15},"end":{"line":85,"column":43}},"type":"binary-expr","locations":[{"start":{"line":85,"column":15},"end":{"line":85,"column":29}},{"start":{"line":85,"column":33},"end":{"line":85,"column":43}}],"line":85},"8":{"loc":{"start":{"line":87,"column":2},"end":{"line":89,"column":3}},"type":"if","locations":[{"start":{"line":87,"column":2},"end":{"line":89,"column":3}},{"start":{"line":87,"column":2},"end":{"line":89,"column":3}}],"line":87},"9":{"loc":{"start":{"line":127,"column":2},"end":{"line":130,"column":3}},"type":"if","locations":[{"start":{"line":127,"column":2},"end":{"line":130,"column":3}},{"start":{"line":127,"column":2},"end":{"line":130,"column":3}}],"line":127},"10":{"loc":{"start":{"line":144,"column":2},"end":{"line":146,"column":3}},"type":"if","locations":[{"start":{"line":144,"column":2},"end":{"line":146,"column":3}},{"start":{"line":144,"column":2},"end":{"line":146,"column":3}}],"line":144},"11":{"loc":{"start":{"line":160,"column":2},"end":{"line":173,"column":3}},"type":"if","locations":[{"start":{"line":160,"column":2},"end":{"line":173,"column":3}},{"start":{"line":160,"column":2},"end":{"line":173,"column":3}}],"line":160},"12":{"loc":{"start":{"line":161,"column":19},"end":{"line":161,"column":53}},"type":"binary-expr","locations":[{"start":{"line":161,"column":19},"end":{"line":161,"column":36}},{"start":{"line":161,"column":40},"end":{"line":161,"column":53}}],"line":161},"13":{"loc":{"start":{"line":162,"column":16},"end":{"line":162,"column":44}},"type":"binary-expr","locations":[{"start":{"line":162,"column":16},"end":{"line":162,"column":30}},{"start":{"line":162,"column":34},"end":{"line":162,"column":44}}],"line":162}},"s":{"0":2,"1":2,"2":2,"3":2,"4":1,"5":1,"6":0,"7":0,"8":0,"9":0,"10":2,"11":1,"12":1,"13":0,"14":0,"15":0,"16":0,"17":0,"18":0,"19":0,"20":2,"21":1,"22":0,"23":0,"24":0,"25":0,"26":2,"27":1,"28":0,"29":0,"30":0,"31":0,"32":0,"33":0,"34":0,"35":0,"36":0,"37":2,"38":1,"39":1,"40":0,"41":0,"42":2,"43":1,"44":1,"45":0,"46":0,"47":0,"48":1,"49":2,"50":1,"51":1,"52":0,"53":0,"54":1,"55":2,"56":1,"57":1,"58":0,"59":0,"60":0,"61":0,"62":0,"63":0,"64":1},"f":{"0":1,"1":1,"2":1,"3":1,"4":1,"5":1,"6":1,"7":1},"b":{"0":[0,0],"1":[0,0],"2":[0,0],"3":[0,0],"4":[0,0],"5":[0,0],"6":[0,0],"7":[0,0],"8":[0,0],"9":[0,0],"10":[0,0],"11":[0,0],"12":[0,0],"13":[0,0]},"_coverageSchema":"1a1c01bbd47fc00a2c39e90264f33305004495a9","hash":"736365f6e2adff73cf9e0f1d1f0eeb505ba58a6b"}
,"/Users/EACM/Documents/Developer/vegan-project/cdmx-guide-api/controllers/business.js": {"path":"/Users/EACM/Documents/Developer/vegan-project/cdmx-guide-api/controllers/business.js","statementMap":{"0":{"start":{"line":1,"column":17},"end":{"line":1,"column":46}},"1":{"start":{"line":2,"column":21},"end":{"line":2,"column":53}},"2":{"start":{"line":8,"column":0},"end":{"line":31,"column":2}},"3":{"start":{"line":9,"column":1},"end":{"line":30,"column":2}},"4":{"start":{"line":10,"column":19},"end":{"line":10,"column":21}},"5":{"start":{"line":11,"column":15},"end":{"line":11,"column":48}},"6":{"start":{"line":13,"column":18},"end":{"line":20,"column":7}},"7":{"start":{"line":22,"column":16},"end":{"line":22,"column":61}},"8":{"start":{"line":23,"column":19},"end":{"line":25,"column":31}},"9":{"start":{"line":27,"column":2},"end":{"line":27,"column":78}},"10":{"start":{"line":29,"column":2},"end":{"line":29,"column":51}},"11":{"start":{"line":37,"column":0},"end":{"line":44,"column":2}},"12":{"start":{"line":38,"column":1},"end":{"line":43,"column":2}},"13":{"start":{"line":39,"column":19},"end":{"line":39,"column":57}},"14":{"start":{"line":40,"column":2},"end":{"line":40,"column":36}},"15":{"start":{"line":42,"column":2},"end":{"line":42,"column":51}},"16":{"start":{"line":50,"column":0},"end":{"line":76,"column":2}},"17":{"start":{"line":51,"column":1},"end":{"line":75,"column":2}},"18":{"start":{"line":61,"column":6},"end":{"line":61,"column":14}},"19":{"start":{"line":62,"column":19},"end":{"line":71,"column":4}},"20":{"start":{"line":72,"column":2},"end":{"line":72,"column":36}},"21":{"start":{"line":74,"column":2},"end":{"line":74,"column":51}},"22":{"start":{"line":82,"column":0},"end":{"line":97,"column":2}},"23":{"start":{"line":83,"column":1},"end":{"line":96,"column":2}},"24":{"start":{"line":84,"column":66},"end":{"line":84,"column":74}},"25":{"start":{"line":85,"column":19},"end":{"line":92,"column":4}},"26":{"start":{"line":93,"column":2},"end":{"line":93,"column":36}},"27":{"start":{"line":95,"column":2},"end":{"line":95,"column":51}},"28":{"start":{"line":103,"column":0},"end":{"line":110,"column":2}},"29":{"start":{"line":104,"column":1},"end":{"line":109,"column":2}},"30":{"start":{"line":105,"column":2},"end":{"line":105,"column":49}},"31":{"start":{"line":106,"column":2},"end":{"line":106,"column":55}},"32":{"start":{"line":108,"column":2},"end":{"line":108,"column":51}},"33":{"start":{"line":116,"column":0},"end":{"line":153,"column":2}},"34":{"start":{"line":117,"column":1},"end":{"line":152,"column":2}},"35":{"start":{"line":118,"column":30},"end":{"line":118,"column":38}},"36":{"start":{"line":120,"column":19},"end":{"line":120,"column":57}},"37":{"start":{"line":122,"column":2},"end":{"line":149,"column":3}},"38":{"start":{"line":123,"column":27},"end":{"line":125,"column":4}},"39":{"start":{"line":124,"column":9},"end":{"line":124,"column":54}},"40":{"start":{"line":126,"column":3},"end":{"line":129,"column":4}},"41":{"start":{"line":127,"column":4},"end":{"line":127,"column":19}},"42":{"start":{"line":128,"column":4},"end":{"line":128,"column":48}},"43":{"start":{"line":131,"column":18},"end":{"line":136,"column":4}},"44":{"start":{"line":138,"column":3},"end":{"line":138,"column":32}},"45":{"start":{"line":140,"column":3},"end":{"line":140,"column":48}},"46":{"start":{"line":142,"column":3},"end":{"line":145,"column":28}},"47":{"start":{"line":144,"column":34},"end":{"line":144,"column":51}},"48":{"start":{"line":147,"column":3},"end":{"line":147,"column":24}},"49":{"start":{"line":148,"column":3},"end":{"line":148,"column":52}},"50":{"start":{"line":151,"column":2},"end":{"line":151,"column":51}},"51":{"start":{"line":159,"column":0},"end":{"line":166,"column":2}},"52":{"start":{"line":160,"column":1},"end":{"line":165,"column":2}},"53":{"start":{"line":161,"column":19},"end":{"line":161,"column":72}},"54":{"start":{"line":162,"column":2},"end":{"line":162,"column":32}},"55":{"start":{"line":164,"column":2},"end":{"line":164,"column":51}}},"fnMap":{"0":{"name":"(anonymous_0)","decl":{"start":{"line":8,"column":38},"end":{"line":8,"column":39}},"loc":{"start":{"line":8,"column":58},"end":{"line":31,"column":1}},"line":8},"1":{"name":"(anonymous_1)","decl":{"start":{"line":37,"column":35},"end":{"line":37,"column":36}},"loc":{"start":{"line":37,"column":55},"end":{"line":44,"column":1}},"line":37},"2":{"name":"(anonymous_2)","decl":{"start":{"line":50,"column":38},"end":{"line":50,"column":39}},"loc":{"start":{"line":50,"column":58},"end":{"line":76,"column":1}},"line":50},"3":{"name":"(anonymous_3)","decl":{"start":{"line":82,"column":38},"end":{"line":82,"column":39}},"loc":{"start":{"line":82,"column":58},"end":{"line":97,"column":1}},"line":82},"4":{"name":"(anonymous_4)","decl":{"start":{"line":103,"column":38},"end":{"line":103,"column":39}},"loc":{"start":{"line":103,"column":58},"end":{"line":110,"column":1}},"line":103},"5":{"name":"(anonymous_5)","decl":{"start":{"line":116,"column":44},"end":{"line":116,"column":45}},"loc":{"start":{"line":116,"column":64},"end":{"line":153,"column":1}},"line":116},"6":{"name":"(anonymous_6)","decl":{"start":{"line":124,"column":4},"end":{"line":124,"column":5}},"loc":{"start":{"line":124,"column":9},"end":{"line":124,"column":54}},"line":124},"7":{"name":"(anonymous_7)","decl":{"start":{"line":144,"column":19},"end":{"line":144,"column":20}},"loc":{"start":{"line":144,"column":34},"end":{"line":144,"column":51}},"line":144},"8":{"name":"(anonymous_8)","decl":{"start":{"line":159,"column":38},"end":{"line":159,"column":39}},"loc":{"start":{"line":159,"column":58},"end":{"line":166,"column":1}},"line":159}},"branchMap":{"0":{"loc":{"start":{"line":11,"column":15},"end":{"line":11,"column":48}},"type":"binary-expr","locations":[{"start":{"line":11,"column":15},"end":{"line":11,"column":43}},{"start":{"line":11,"column":47},"end":{"line":11,"column":48}}],"line":11},"1":{"loc":{"start":{"line":13,"column":18},"end":{"line":20,"column":7}},"type":"cond-expr","locations":[{"start":{"line":14,"column":5},"end":{"line":19,"column":6}},{"start":{"line":20,"column":5},"end":{"line":20,"column":7}}],"line":13},"2":{"loc":{"start":{"line":122,"column":2},"end":{"line":149,"column":3}},"type":"if","locations":[{"start":{"line":122,"column":2},"end":{"line":149,"column":3}},{"start":{"line":122,"column":2},"end":{"line":149,"column":3}}],"line":122},"3":{"loc":{"start":{"line":126,"column":3},"end":{"line":129,"column":4}},"type":"if","locations":[{"start":{"line":126,"column":3},"end":{"line":129,"column":4}},{"start":{"line":126,"column":3},"end":{"line":129,"column":4}}],"line":126}},"s":{"0":2,"1":2,"2":2,"3":1,"4":1,"5":1,"6":0,"7":0,"8":0,"9":0,"10":1,"11":2,"12":1,"13":1,"14":0,"15":1,"16":2,"17":1,"18":1,"19":0,"20":0,"21":1,"22":2,"23":1,"24":1,"25":0,"26":0,"27":1,"28":2,"29":1,"30":1,"31":0,"32":1,"33":2,"34":0,"35":0,"36":0,"37":0,"38":0,"39":0,"40":0,"41":0,"42":0,"43":0,"44":0,"45":0,"46":0,"47":0,"48":0,"49":0,"50":0,"51":2,"52":0,"53":0,"54":0,"55":0},"f":{"0":1,"1":1,"2":1,"3":1,"4":1,"5":0,"6":0,"7":0,"8":0},"b":{"0":[1,0],"1":[0,0],"2":[0,0],"3":[0,0]},"_coverageSchema":"1a1c01bbd47fc00a2c39e90264f33305004495a9","hash":"192c7b34f1464220be136cee5e2f9bd5df16006c"}
,"/Users/EACM/Documents/Developer/vegan-project/cdmx-guide-api/controllers/doctors.js": {"path":"/Users/EACM/Documents/Developer/vegan-project/cdmx-guide-api/controllers/doctors.js","statementMap":{"0":{"start":{"line":1,"column":15},"end":{"line":1,"column":42}},"1":{"start":{"line":2,"column":21},"end":{"line":2,"column":53}},"2":{"start":{"line":8,"column":0},"end":{"line":31,"column":2}},"3":{"start":{"line":9,"column":1},"end":{"line":30,"column":2}},"4":{"start":{"line":10,"column":19},"end":{"line":10,"column":21}},"5":{"start":{"line":11,"column":15},"end":{"line":11,"column":48}},"6":{"start":{"line":13,"column":18},"end":{"line":20,"column":7}},"7":{"start":{"line":22,"column":16},"end":{"line":22,"column":59}},"8":{"start":{"line":23,"column":18},"end":{"line":25,"column":31}},"9":{"start":{"line":27,"column":2},"end":{"line":27,"column":77}},"10":{"start":{"line":29,"column":2},"end":{"line":29,"column":51}},"11":{"start":{"line":37,"column":0},"end":{"line":45,"column":2}},"12":{"start":{"line":38,"column":1},"end":{"line":44,"column":2}},"13":{"start":{"line":39,"column":17},"end":{"line":39,"column":27}},"14":{"start":{"line":40,"column":17},"end":{"line":40,"column":42}},"15":{"start":{"line":41,"column":2},"end":{"line":41,"column":34}},"16":{"start":{"line":43,"column":2},"end":{"line":43,"column":51}},"17":{"start":{"line":51,"column":0},"end":{"line":65,"column":2}},"18":{"start":{"line":52,"column":1},"end":{"line":64,"column":2}},"19":{"start":{"line":53,"column":56},"end":{"line":53,"column":64}},"20":{"start":{"line":54,"column":17},"end":{"line":60,"column":4}},"21":{"start":{"line":61,"column":2},"end":{"line":61,"column":34}},"22":{"start":{"line":63,"column":2},"end":{"line":63,"column":51}},"23":{"start":{"line":71,"column":0},"end":{"line":85,"column":2}},"24":{"start":{"line":72,"column":1},"end":{"line":84,"column":2}},"25":{"start":{"line":73,"column":17},"end":{"line":73,"column":27}},"26":{"start":{"line":74,"column":44},"end":{"line":74,"column":52}},"27":{"start":{"line":75,"column":17},"end":{"line":80,"column":4}},"28":{"start":{"line":81,"column":2},"end":{"line":81,"column":34}},"29":{"start":{"line":83,"column":2},"end":{"line":83,"column":51}},"30":{"start":{"line":91,"column":0},"end":{"line":99,"column":2}},"31":{"start":{"line":92,"column":1},"end":{"line":98,"column":2}},"32":{"start":{"line":93,"column":17},"end":{"line":93,"column":27}},"33":{"start":{"line":94,"column":2},"end":{"line":94,"column":36}},"34":{"start":{"line":95,"column":2},"end":{"line":95,"column":52}},"35":{"start":{"line":97,"column":2},"end":{"line":97,"column":51}},"36":{"start":{"line":105,"column":0},"end":{"line":141,"column":2}},"37":{"start":{"line":106,"column":1},"end":{"line":140,"column":2}},"38":{"start":{"line":107,"column":30},"end":{"line":107,"column":38}},"39":{"start":{"line":108,"column":17},"end":{"line":108,"column":53}},"40":{"start":{"line":110,"column":2},"end":{"line":137,"column":3}},"41":{"start":{"line":111,"column":27},"end":{"line":113,"column":4}},"42":{"start":{"line":112,"column":9},"end":{"line":112,"column":54}},"43":{"start":{"line":114,"column":3},"end":{"line":117,"column":4}},"44":{"start":{"line":115,"column":4},"end":{"line":115,"column":19}},"45":{"start":{"line":116,"column":4},"end":{"line":116,"column":46}},"46":{"start":{"line":119,"column":18},"end":{"line":124,"column":4}},"47":{"start":{"line":126,"column":3},"end":{"line":126,"column":30}},"48":{"start":{"line":128,"column":3},"end":{"line":128,"column":44}},"49":{"start":{"line":130,"column":3},"end":{"line":133,"column":26}},"50":{"start":{"line":132,"column":34},"end":{"line":132,"column":51}},"51":{"start":{"line":135,"column":3},"end":{"line":135,"column":22}},"52":{"start":{"line":136,"column":3},"end":{"line":136,"column":52}},"53":{"start":{"line":139,"column":2},"end":{"line":139,"column":51}},"54":{"start":{"line":147,"column":0},"end":{"line":154,"column":2}},"55":{"start":{"line":148,"column":1},"end":{"line":153,"column":2}},"56":{"start":{"line":149,"column":17},"end":{"line":149,"column":68}},"57":{"start":{"line":150,"column":2},"end":{"line":150,"column":34}},"58":{"start":{"line":152,"column":2},"end":{"line":152,"column":51}}},"fnMap":{"0":{"name":"(anonymous_0)","decl":{"start":{"line":8,"column":37},"end":{"line":8,"column":38}},"loc":{"start":{"line":8,"column":57},"end":{"line":31,"column":1}},"line":8},"1":{"name":"(anonymous_1)","decl":{"start":{"line":37,"column":33},"end":{"line":37,"column":34}},"loc":{"start":{"line":37,"column":53},"end":{"line":45,"column":1}},"line":37},"2":{"name":"(anonymous_2)","decl":{"start":{"line":51,"column":36},"end":{"line":51,"column":37}},"loc":{"start":{"line":51,"column":56},"end":{"line":65,"column":1}},"line":51},"3":{"name":"(anonymous_3)","decl":{"start":{"line":71,"column":36},"end":{"line":71,"column":37}},"loc":{"start":{"line":71,"column":56},"end":{"line":85,"column":1}},"line":71},"4":{"name":"(anonymous_4)","decl":{"start":{"line":91,"column":36},"end":{"line":91,"column":37}},"loc":{"start":{"line":91,"column":56},"end":{"line":99,"column":1}},"line":91},"5":{"name":"(anonymous_5)","decl":{"start":{"line":105,"column":42},"end":{"line":105,"column":43}},"loc":{"start":{"line":105,"column":62},"end":{"line":141,"column":1}},"line":105},"6":{"name":"(anonymous_6)","decl":{"start":{"line":112,"column":4},"end":{"line":112,"column":5}},"loc":{"start":{"line":112,"column":9},"end":{"line":112,"column":54}},"line":112},"7":{"name":"(anonymous_7)","decl":{"start":{"line":132,"column":19},"end":{"line":132,"column":20}},"loc":{"start":{"line":132,"column":34},"end":{"line":132,"column":51}},"line":132},"8":{"name":"(anonymous_8)","decl":{"start":{"line":147,"column":36},"end":{"line":147,"column":37}},"loc":{"start":{"line":147,"column":56},"end":{"line":154,"column":1}},"line":147}},"branchMap":{"0":{"loc":{"start":{"line":11,"column":15},"end":{"line":11,"column":48}},"type":"binary-expr","locations":[{"start":{"line":11,"column":15},"end":{"line":11,"column":43}},{"start":{"line":11,"column":47},"end":{"line":11,"column":48}}],"line":11},"1":{"loc":{"start":{"line":13,"column":18},"end":{"line":20,"column":7}},"type":"cond-expr","locations":[{"start":{"line":14,"column":5},"end":{"line":19,"column":6}},{"start":{"line":20,"column":5},"end":{"line":20,"column":7}}],"line":13},"2":{"loc":{"start":{"line":110,"column":2},"end":{"line":137,"column":3}},"type":"if","locations":[{"start":{"line":110,"column":2},"end":{"line":137,"column":3}},{"start":{"line":110,"column":2},"end":{"line":137,"column":3}}],"line":110},"3":{"loc":{"start":{"line":114,"column":3},"end":{"line":117,"column":4}},"type":"if","locations":[{"start":{"line":114,"column":3},"end":{"line":117,"column":4}},{"start":{"line":114,"column":3},"end":{"line":117,"column":4}}],"line":114}},"s":{"0":1,"1":1,"2":1,"3":0,"4":0,"5":0,"6":0,"7":0,"8":0,"9":0,"10":0,"11":1,"12":0,"13":0,"14":0,"15":0,"16":0,"17":1,"18":0,"19":0,"20":0,"21":0,"22":0,"23":1,"24":0,"25":0,"26":0,"27":0,"28":0,"29":0,"30":1,"31":0,"32":0,"33":0,"34":0,"35":0,"36":1,"37":0,"38":0,"39":0,"40":0,"41":0,"42":0,"43":0,"44":0,"45":0,"46":0,"47":0,"48":0,"49":0,"50":0,"51":0,"52":0,"53":0,"54":1,"55":0,"56":0,"57":0,"58":0},"f":{"0":0,"1":0,"2":0,"3":0,"4":0,"5":0,"6":0,"7":0,"8":0},"b":{"0":[0,0],"1":[0,0],"2":[0,0],"3":[0,0]},"_coverageSchema":"1a1c01bbd47fc00a2c39e90264f33305004495a9","hash":"9977e54deefda02c2b45054e060fcbd54d743719"}
,"/Users/EACM/Documents/Developer/vegan-project/cdmx-guide-api/controllers/markets.js": {"path":"/Users/EACM/Documents/Developer/vegan-project/cdmx-guide-api/controllers/markets.js","statementMap":{"0":{"start":{"line":1,"column":15},"end":{"line":1,"column":42}},"1":{"start":{"line":2,"column":21},"end":{"line":2,"column":53}},"2":{"start":{"line":8,"column":0},"end":{"line":30,"column":2}},"3":{"start":{"line":9,"column":1},"end":{"line":29,"column":2}},"4":{"start":{"line":10,"column":19},"end":{"line":10,"column":21}},"5":{"start":{"line":11,"column":15},"end":{"line":11,"column":48}},"6":{"start":{"line":13,"column":18},"end":{"line":20,"column":7}},"7":{"start":{"line":22,"column":16},"end":{"line":22,"column":59}},"8":{"start":{"line":23,"column":18},"end":{"line":25,"column":31}},"9":{"start":{"line":26,"column":2},"end":{"line":26,"column":77}},"10":{"start":{"line":28,"column":2},"end":{"line":28,"column":51}},"11":{"start":{"line":36,"column":0},"end":{"line":44,"column":2}},"12":{"start":{"line":37,"column":1},"end":{"line":43,"column":2}},"13":{"start":{"line":38,"column":17},"end":{"line":38,"column":27}},"14":{"start":{"line":39,"column":17},"end":{"line":39,"column":59}},"15":{"start":{"line":40,"column":2},"end":{"line":40,"column":34}},"16":{"start":{"line":42,"column":2},"end":{"line":42,"column":51}},"17":{"start":{"line":50,"column":0},"end":{"line":64,"column":2}},"18":{"start":{"line":51,"column":1},"end":{"line":63,"column":2}},"19":{"start":{"line":52,"column":47},"end":{"line":52,"column":55}},"20":{"start":{"line":54,"column":17},"end":{"line":59,"column":4}},"21":{"start":{"line":60,"column":2},"end":{"line":60,"column":34}},"22":{"start":{"line":62,"column":2},"end":{"line":62,"column":51}},"23":{"start":{"line":70,"column":0},"end":{"line":84,"column":2}},"24":{"start":{"line":71,"column":1},"end":{"line":83,"column":2}},"25":{"start":{"line":72,"column":17},"end":{"line":72,"column":27}},"26":{"start":{"line":73,"column":47},"end":{"line":73,"column":55}},"27":{"start":{"line":74,"column":17},"end":{"line":79,"column":4}},"28":{"start":{"line":80,"column":2},"end":{"line":80,"column":34}},"29":{"start":{"line":82,"column":2},"end":{"line":82,"column":51}},"30":{"start":{"line":90,"column":0},"end":{"line":98,"column":2}},"31":{"start":{"line":91,"column":1},"end":{"line":97,"column":2}},"32":{"start":{"line":92,"column":17},"end":{"line":92,"column":27}},"33":{"start":{"line":93,"column":2},"end":{"line":93,"column":35}},"34":{"start":{"line":94,"column":2},"end":{"line":94,"column":53}},"35":{"start":{"line":96,"column":2},"end":{"line":96,"column":51}},"36":{"start":{"line":104,"column":0},"end":{"line":139,"column":2}},"37":{"start":{"line":105,"column":1},"end":{"line":138,"column":2}},"38":{"start":{"line":106,"column":30},"end":{"line":106,"column":38}},"39":{"start":{"line":108,"column":17},"end":{"line":108,"column":53}},"40":{"start":{"line":110,"column":2},"end":{"line":135,"column":3}},"41":{"start":{"line":111,"column":27},"end":{"line":113,"column":4}},"42":{"start":{"line":112,"column":9},"end":{"line":112,"column":54}},"43":{"start":{"line":115,"column":3},"end":{"line":118,"column":4}},"44":{"start":{"line":116,"column":4},"end":{"line":116,"column":19}},"45":{"start":{"line":117,"column":4},"end":{"line":117,"column":46}},"46":{"start":{"line":120,"column":18},"end":{"line":125,"column":4}},"47":{"start":{"line":127,"column":3},"end":{"line":127,"column":30}},"48":{"start":{"line":128,"column":3},"end":{"line":128,"column":44}},"49":{"start":{"line":129,"column":3},"end":{"line":131,"column":25}},"50":{"start":{"line":130,"column":41},"end":{"line":130,"column":58}},"51":{"start":{"line":133,"column":3},"end":{"line":133,"column":22}},"52":{"start":{"line":134,"column":3},"end":{"line":134,"column":52}},"53":{"start":{"line":137,"column":2},"end":{"line":137,"column":51}},"54":{"start":{"line":145,"column":0},"end":{"line":152,"column":2}},"55":{"start":{"line":146,"column":1},"end":{"line":151,"column":2}},"56":{"start":{"line":147,"column":18},"end":{"line":147,"column":69}},"57":{"start":{"line":148,"column":2},"end":{"line":148,"column":31}},"58":{"start":{"line":150,"column":2},"end":{"line":150,"column":51}}},"fnMap":{"0":{"name":"(anonymous_0)","decl":{"start":{"line":8,"column":37},"end":{"line":8,"column":38}},"loc":{"start":{"line":8,"column":57},"end":{"line":30,"column":1}},"line":8},"1":{"name":"(anonymous_1)","decl":{"start":{"line":36,"column":33},"end":{"line":36,"column":34}},"loc":{"start":{"line":36,"column":53},"end":{"line":44,"column":1}},"line":36},"2":{"name":"(anonymous_2)","decl":{"start":{"line":50,"column":36},"end":{"line":50,"column":37}},"loc":{"start":{"line":50,"column":56},"end":{"line":64,"column":1}},"line":50},"3":{"name":"(anonymous_3)","decl":{"start":{"line":70,"column":36},"end":{"line":70,"column":37}},"loc":{"start":{"line":70,"column":56},"end":{"line":84,"column":1}},"line":70},"4":{"name":"(anonymous_4)","decl":{"start":{"line":90,"column":36},"end":{"line":90,"column":37}},"loc":{"start":{"line":90,"column":56},"end":{"line":98,"column":1}},"line":90},"5":{"name":"(anonymous_5)","decl":{"start":{"line":104,"column":42},"end":{"line":104,"column":43}},"loc":{"start":{"line":104,"column":62},"end":{"line":139,"column":1}},"line":104},"6":{"name":"(anonymous_6)","decl":{"start":{"line":112,"column":4},"end":{"line":112,"column":5}},"loc":{"start":{"line":112,"column":9},"end":{"line":112,"column":54}},"line":112},"7":{"name":"(anonymous_7)","decl":{"start":{"line":130,"column":26},"end":{"line":130,"column":27}},"loc":{"start":{"line":130,"column":41},"end":{"line":130,"column":58}},"line":130},"8":{"name":"(anonymous_8)","decl":{"start":{"line":145,"column":37},"end":{"line":145,"column":38}},"loc":{"start":{"line":145,"column":57},"end":{"line":152,"column":1}},"line":145}},"branchMap":{"0":{"loc":{"start":{"line":11,"column":15},"end":{"line":11,"column":48}},"type":"binary-expr","locations":[{"start":{"line":11,"column":15},"end":{"line":11,"column":43}},{"start":{"line":11,"column":47},"end":{"line":11,"column":48}}],"line":11},"1":{"loc":{"start":{"line":13,"column":18},"end":{"line":20,"column":7}},"type":"cond-expr","locations":[{"start":{"line":14,"column":5},"end":{"line":19,"column":6}},{"start":{"line":20,"column":5},"end":{"line":20,"column":7}}],"line":13},"2":{"loc":{"start":{"line":110,"column":2},"end":{"line":135,"column":3}},"type":"if","locations":[{"start":{"line":110,"column":2},"end":{"line":135,"column":3}},{"start":{"line":110,"column":2},"end":{"line":135,"column":3}}],"line":110},"3":{"loc":{"start":{"line":115,"column":3},"end":{"line":118,"column":4}},"type":"if","locations":[{"start":{"line":115,"column":3},"end":{"line":118,"column":4}},{"start":{"line":115,"column":3},"end":{"line":118,"column":4}}],"line":115}},"s":{"0":1,"1":1,"2":1,"3":0,"4":0,"5":0,"6":0,"7":0,"8":0,"9":0,"10":0,"11":1,"12":0,"13":0,"14":0,"15":0,"16":0,"17":1,"18":0,"19":0,"20":0,"21":0,"22":0,"23":1,"24":0,"25":0,"26":0,"27":0,"28":0,"29":0,"30":1,"31":0,"32":0,"33":0,"34":0,"35":0,"36":1,"37":0,"38":0,"39":0,"40":0,"41":0,"42":0,"43":0,"44":0,"45":0,"46":0,"47":0,"48":0,"49":0,"50":0,"51":0,"52":0,"53":0,"54":1,"55":0,"56":0,"57":0,"58":0},"f":{"0":0,"1":0,"2":0,"3":0,"4":0,"5":0,"6":0,"7":0,"8":0},"b":{"0":[0,0],"1":[0,0],"2":[0,0],"3":[0,0]},"_coverageSchema":"1a1c01bbd47fc00a2c39e90264f33305004495a9","hash":"27b6cc1fc54b8e4998d5ce18495815d51c5bf31d"}
,"/Users/EACM/Documents/Developer/vegan-project/cdmx-guide-api/controllers/profession.js": {"path":"/Users/EACM/Documents/Developer/vegan-project/cdmx-guide-api/controllers/profession.js","statementMap":{"0":{"start":{"line":1,"column":19},"end":{"line":1,"column":50}},"1":{"start":{"line":2,"column":21},"end":{"line":2,"column":53}},"2":{"start":{"line":8,"column":0},"end":{"line":31,"column":2}},"3":{"start":{"line":9,"column":1},"end":{"line":30,"column":2}},"4":{"start":{"line":10,"column":19},"end":{"line":10,"column":21}},"5":{"start":{"line":11,"column":15},"end":{"line":11,"column":48}},"6":{"start":{"line":13,"column":18},"end":{"line":20,"column":7}},"7":{"start":{"line":22,"column":16},"end":{"line":22,"column":63}},"8":{"start":{"line":23,"column":22},"end":{"line":25,"column":31}},"9":{"start":{"line":27,"column":2},"end":{"line":27,"column":81}},"10":{"start":{"line":29,"column":2},"end":{"line":29,"column":51}},"11":{"start":{"line":37,"column":0},"end":{"line":45,"column":2}},"12":{"start":{"line":38,"column":1},"end":{"line":44,"column":2}},"13":{"start":{"line":39,"column":17},"end":{"line":39,"column":27}},"14":{"start":{"line":40,"column":21},"end":{"line":40,"column":50}},"15":{"start":{"line":41,"column":2},"end":{"line":41,"column":38}},"16":{"start":{"line":43,"column":2},"end":{"line":43,"column":51}},"17":{"start":{"line":51,"column":0},"end":{"line":65,"column":2}},"18":{"start":{"line":52,"column":1},"end":{"line":64,"column":2}},"19":{"start":{"line":53,"column":56},"end":{"line":53,"column":64}},"20":{"start":{"line":54,"column":21},"end":{"line":60,"column":4}},"21":{"start":{"line":61,"column":2},"end":{"line":61,"column":38}},"22":{"start":{"line":63,"column":2},"end":{"line":63,"column":51}},"23":{"start":{"line":71,"column":0},"end":{"line":85,"column":2}},"24":{"start":{"line":72,"column":1},"end":{"line":84,"column":2}},"25":{"start":{"line":73,"column":17},"end":{"line":73,"column":27}},"26":{"start":{"line":74,"column":44},"end":{"line":74,"column":52}},"27":{"start":{"line":75,"column":21},"end":{"line":80,"column":4}},"28":{"start":{"line":81,"column":2},"end":{"line":81,"column":38}},"29":{"start":{"line":83,"column":2},"end":{"line":83,"column":51}},"30":{"start":{"line":91,"column":0},"end":{"line":99,"column":2}},"31":{"start":{"line":92,"column":1},"end":{"line":98,"column":2}},"32":{"start":{"line":93,"column":17},"end":{"line":93,"column":27}},"33":{"start":{"line":94,"column":2},"end":{"line":94,"column":40}},"34":{"start":{"line":95,"column":2},"end":{"line":95,"column":56}},"35":{"start":{"line":97,"column":2},"end":{"line":97,"column":51}},"36":{"start":{"line":105,"column":0},"end":{"line":141,"column":2}},"37":{"start":{"line":106,"column":1},"end":{"line":140,"column":2}},"38":{"start":{"line":107,"column":30},"end":{"line":107,"column":38}},"39":{"start":{"line":108,"column":21},"end":{"line":108,"column":61}},"40":{"start":{"line":110,"column":2},"end":{"line":137,"column":3}},"41":{"start":{"line":111,"column":27},"end":{"line":113,"column":4}},"42":{"start":{"line":112,"column":9},"end":{"line":112,"column":54}},"43":{"start":{"line":114,"column":3},"end":{"line":117,"column":4}},"44":{"start":{"line":115,"column":4},"end":{"line":115,"column":19}},"45":{"start":{"line":116,"column":4},"end":{"line":116,"column":50}},"46":{"start":{"line":119,"column":18},"end":{"line":124,"column":4}},"47":{"start":{"line":126,"column":3},"end":{"line":126,"column":34}},"48":{"start":{"line":128,"column":3},"end":{"line":128,"column":52}},"49":{"start":{"line":130,"column":3},"end":{"line":133,"column":30}},"50":{"start":{"line":132,"column":34},"end":{"line":132,"column":51}},"51":{"start":{"line":135,"column":3},"end":{"line":135,"column":26}},"52":{"start":{"line":136,"column":3},"end":{"line":136,"column":52}},"53":{"start":{"line":139,"column":2},"end":{"line":139,"column":51}},"54":{"start":{"line":147,"column":0},"end":{"line":154,"column":2}},"55":{"start":{"line":148,"column":1},"end":{"line":153,"column":2}},"56":{"start":{"line":149,"column":21},"end":{"line":149,"column":76}},"57":{"start":{"line":150,"column":2},"end":{"line":150,"column":38}},"58":{"start":{"line":152,"column":2},"end":{"line":152,"column":51}}},"fnMap":{"0":{"name":"(anonymous_0)","decl":{"start":{"line":8,"column":41},"end":{"line":8,"column":42}},"loc":{"start":{"line":8,"column":61},"end":{"line":31,"column":1}},"line":8},"1":{"name":"(anonymous_1)","decl":{"start":{"line":37,"column":37},"end":{"line":37,"column":38}},"loc":{"start":{"line":37,"column":57},"end":{"line":45,"column":1}},"line":37},"2":{"name":"(anonymous_2)","decl":{"start":{"line":51,"column":40},"end":{"line":51,"column":41}},"loc":{"start":{"line":51,"column":60},"end":{"line":65,"column":1}},"line":51},"3":{"name":"(anonymous_3)","decl":{"start":{"line":71,"column":40},"end":{"line":71,"column":41}},"loc":{"start":{"line":71,"column":60},"end":{"line":85,"column":1}},"line":71},"4":{"name":"(anonymous_4)","decl":{"start":{"line":91,"column":40},"end":{"line":91,"column":41}},"loc":{"start":{"line":91,"column":60},"end":{"line":99,"column":1}},"line":91},"5":{"name":"(anonymous_5)","decl":{"start":{"line":105,"column":46},"end":{"line":105,"column":47}},"loc":{"start":{"line":105,"column":66},"end":{"line":141,"column":1}},"line":105},"6":{"name":"(anonymous_6)","decl":{"start":{"line":112,"column":4},"end":{"line":112,"column":5}},"loc":{"start":{"line":112,"column":9},"end":{"line":112,"column":54}},"line":112},"7":{"name":"(anonymous_7)","decl":{"start":{"line":132,"column":19},"end":{"line":132,"column":20}},"loc":{"start":{"line":132,"column":34},"end":{"line":132,"column":51}},"line":132},"8":{"name":"(anonymous_8)","decl":{"start":{"line":147,"column":40},"end":{"line":147,"column":41}},"loc":{"start":{"line":147,"column":60},"end":{"line":154,"column":1}},"line":147}},"branchMap":{"0":{"loc":{"start":{"line":11,"column":15},"end":{"line":11,"column":48}},"type":"binary-expr","locations":[{"start":{"line":11,"column":15},"end":{"line":11,"column":43}},{"start":{"line":11,"column":47},"end":{"line":11,"column":48}}],"line":11},"1":{"loc":{"start":{"line":13,"column":18},"end":{"line":20,"column":7}},"type":"cond-expr","locations":[{"start":{"line":14,"column":5},"end":{"line":19,"column":6}},{"start":{"line":20,"column":5},"end":{"line":20,"column":7}}],"line":13},"2":{"loc":{"start":{"line":110,"column":2},"end":{"line":137,"column":3}},"type":"if","locations":[{"start":{"line":110,"column":2},"end":{"line":137,"column":3}},{"start":{"line":110,"column":2},"end":{"line":137,"column":3}}],"line":110},"3":{"loc":{"start":{"line":114,"column":3},"end":{"line":117,"column":4}},"type":"if","locations":[{"start":{"line":114,"column":3},"end":{"line":117,"column":4}},{"start":{"line":114,"column":3},"end":{"line":117,"column":4}}],"line":114}},"s":{"0":1,"1":1,"2":1,"3":0,"4":0,"5":0,"6":0,"7":0,"8":0,"9":0,"10":0,"11":1,"12":0,"13":0,"14":0,"15":0,"16":0,"17":1,"18":0,"19":0,"20":0,"21":0,"22":0,"23":1,"24":0,"25":0,"26":0,"27":0,"28":0,"29":0,"30":1,"31":0,"32":0,"33":0,"34":0,"35":0,"36":1,"37":0,"38":0,"39":0,"40":0,"41":0,"42":0,"43":0,"44":0,"45":0,"46":0,"47":0,"48":0,"49":0,"50":0,"51":0,"52":0,"53":0,"54":1,"55":0,"56":0,"57":0,"58":0},"f":{"0":0,"1":0,"2":0,"3":0,"4":0,"5":0,"6":0,"7":0,"8":0},"b":{"0":[0,0],"1":[0,0],"2":[0,0],"3":[0,0]},"_coverageSchema":"1a1c01bbd47fc00a2c39e90264f33305004495a9","hash":"d4190eb34465df2394b695c0946d3b536aae3328"}
,"/Users/EACM/Documents/Developer/vegan-project/cdmx-guide-api/controllers/recipes.js": {"path":"/Users/EACM/Documents/Developer/vegan-project/cdmx-guide-api/controllers/recipes.js","statementMap":{"0":{"start":{"line":1,"column":15},"end":{"line":1,"column":42}},"1":{"start":{"line":2,"column":21},"end":{"line":2,"column":53}},"2":{"start":{"line":8,"column":0},"end":{"line":31,"column":2}},"3":{"start":{"line":9,"column":1},"end":{"line":30,"column":2}},"4":{"start":{"line":10,"column":19},"end":{"line":10,"column":21}},"5":{"start":{"line":11,"column":15},"end":{"line":11,"column":48}},"6":{"start":{"line":13,"column":18},"end":{"line":20,"column":7}},"7":{"start":{"line":22,"column":16},"end":{"line":22,"column":59}},"8":{"start":{"line":23,"column":18},"end":{"line":25,"column":31}},"9":{"start":{"line":27,"column":2},"end":{"line":27,"column":77}},"10":{"start":{"line":29,"column":2},"end":{"line":29,"column":47}},"11":{"start":{"line":37,"column":0},"end":{"line":45,"column":2}},"12":{"start":{"line":38,"column":1},"end":{"line":44,"column":2}},"13":{"start":{"line":39,"column":17},"end":{"line":39,"column":27}},"14":{"start":{"line":40,"column":17},"end":{"line":40,"column":42}},"15":{"start":{"line":41,"column":2},"end":{"line":41,"column":34}},"16":{"start":{"line":43,"column":2},"end":{"line":43,"column":47}},"17":{"start":{"line":51,"column":0},"end":{"line":83,"column":2}},"18":{"start":{"line":52,"column":1},"end":{"line":82,"column":2}},"19":{"start":{"line":64,"column":6},"end":{"line":64,"column":14}},"20":{"start":{"line":66,"column":17},"end":{"line":77,"column":4}},"21":{"start":{"line":79,"column":2},"end":{"line":79,"column":34}},"22":{"start":{"line":81,"column":2},"end":{"line":81,"column":51}},"23":{"start":{"line":89,"column":0},"end":{"line":118,"column":2}},"24":{"start":{"line":90,"column":1},"end":{"line":117,"column":2}},"25":{"start":{"line":91,"column":17},"end":{"line":91,"column":27}},"26":{"start":{"line":101,"column":6},"end":{"line":101,"column":14}},"27":{"start":{"line":103,"column":17},"end":{"line":112,"column":4}},"28":{"start":{"line":114,"column":2},"end":{"line":114,"column":34}},"29":{"start":{"line":116,"column":2},"end":{"line":116,"column":47}},"30":{"start":{"line":124,"column":0},"end":{"line":132,"column":2}},"31":{"start":{"line":125,"column":1},"end":{"line":131,"column":2}},"32":{"start":{"line":126,"column":17},"end":{"line":126,"column":27}},"33":{"start":{"line":127,"column":2},"end":{"line":127,"column":36}},"34":{"start":{"line":128,"column":2},"end":{"line":128,"column":53}},"35":{"start":{"line":130,"column":2},"end":{"line":130,"column":47}},"36":{"start":{"line":138,"column":0},"end":{"line":173,"column":2}},"37":{"start":{"line":139,"column":1},"end":{"line":172,"column":2}},"38":{"start":{"line":140,"column":30},"end":{"line":140,"column":38}},"39":{"start":{"line":142,"column":17},"end":{"line":142,"column":53}},"40":{"start":{"line":144,"column":2},"end":{"line":169,"column":3}},"41":{"start":{"line":145,"column":27},"end":{"line":147,"column":4}},"42":{"start":{"line":146,"column":9},"end":{"line":146,"column":54}},"43":{"start":{"line":149,"column":3},"end":{"line":152,"column":4}},"44":{"start":{"line":150,"column":4},"end":{"line":150,"column":19}},"45":{"start":{"line":151,"column":4},"end":{"line":151,"column":46}},"46":{"start":{"line":154,"column":18},"end":{"line":159,"column":4}},"47":{"start":{"line":161,"column":3},"end":{"line":161,"column":30}},"48":{"start":{"line":162,"column":3},"end":{"line":162,"column":44}},"49":{"start":{"line":163,"column":3},"end":{"line":165,"column":25}},"50":{"start":{"line":164,"column":41},"end":{"line":164,"column":58}},"51":{"start":{"line":167,"column":3},"end":{"line":167,"column":22}},"52":{"start":{"line":168,"column":3},"end":{"line":168,"column":52}},"53":{"start":{"line":171,"column":2},"end":{"line":171,"column":47}},"54":{"start":{"line":179,"column":0},"end":{"line":186,"column":2}},"55":{"start":{"line":180,"column":1},"end":{"line":185,"column":2}},"56":{"start":{"line":181,"column":18},"end":{"line":181,"column":69}},"57":{"start":{"line":182,"column":2},"end":{"line":182,"column":31}},"58":{"start":{"line":184,"column":2},"end":{"line":184,"column":47}}},"fnMap":{"0":{"name":"(anonymous_0)","decl":{"start":{"line":8,"column":37},"end":{"line":8,"column":38}},"loc":{"start":{"line":8,"column":57},"end":{"line":31,"column":1}},"line":8},"1":{"name":"(anonymous_1)","decl":{"start":{"line":37,"column":33},"end":{"line":37,"column":34}},"loc":{"start":{"line":37,"column":53},"end":{"line":45,"column":1}},"line":37},"2":{"name":"(anonymous_2)","decl":{"start":{"line":51,"column":36},"end":{"line":51,"column":37}},"loc":{"start":{"line":51,"column":56},"end":{"line":83,"column":1}},"line":51},"3":{"name":"(anonymous_3)","decl":{"start":{"line":89,"column":36},"end":{"line":89,"column":37}},"loc":{"start":{"line":89,"column":56},"end":{"line":118,"column":1}},"line":89},"4":{"name":"(anonymous_4)","decl":{"start":{"line":124,"column":36},"end":{"line":124,"column":37}},"loc":{"start":{"line":124,"column":56},"end":{"line":132,"column":1}},"line":124},"5":{"name":"(anonymous_5)","decl":{"start":{"line":138,"column":42},"end":{"line":138,"column":43}},"loc":{"start":{"line":138,"column":62},"end":{"line":173,"column":1}},"line":138},"6":{"name":"(anonymous_6)","decl":{"start":{"line":146,"column":4},"end":{"line":146,"column":5}},"loc":{"start":{"line":146,"column":9},"end":{"line":146,"column":54}},"line":146},"7":{"name":"(anonymous_7)","decl":{"start":{"line":164,"column":26},"end":{"line":164,"column":27}},"loc":{"start":{"line":164,"column":41},"end":{"line":164,"column":58}},"line":164},"8":{"name":"(anonymous_8)","decl":{"start":{"line":179,"column":37},"end":{"line":179,"column":38}},"loc":{"start":{"line":179,"column":57},"end":{"line":186,"column":1}},"line":179}},"branchMap":{"0":{"loc":{"start":{"line":11,"column":15},"end":{"line":11,"column":48}},"type":"binary-expr","locations":[{"start":{"line":11,"column":15},"end":{"line":11,"column":43}},{"start":{"line":11,"column":47},"end":{"line":11,"column":48}}],"line":11},"1":{"loc":{"start":{"line":13,"column":18},"end":{"line":20,"column":7}},"type":"cond-expr","locations":[{"start":{"line":14,"column":5},"end":{"line":19,"column":6}},{"start":{"line":20,"column":5},"end":{"line":20,"column":7}}],"line":13},"2":{"loc":{"start":{"line":144,"column":2},"end":{"line":169,"column":3}},"type":"if","locations":[{"start":{"line":144,"column":2},"end":{"line":169,"column":3}},{"start":{"line":144,"column":2},"end":{"line":169,"column":3}}],"line":144},"3":{"loc":{"start":{"line":149,"column":3},"end":{"line":152,"column":4}},"type":"if","locations":[{"start":{"line":149,"column":3},"end":{"line":152,"column":4}},{"start":{"line":149,"column":3},"end":{"line":152,"column":4}}],"line":149}},"s":{"0":1,"1":1,"2":1,"3":0,"4":0,"5":0,"6":0,"7":0,"8":0,"9":0,"10":0,"11":1,"12":0,"13":0,"14":0,"15":0,"16":0,"17":1,"18":0,"19":0,"20":0,"21":0,"22":0,"23":1,"24":0,"25":0,"26":0,"27":0,"28":0,"29":0,"30":1,"31":0,"32":0,"33":0,"34":0,"35":0,"36":1,"37":0,"38":0,"39":0,"40":0,"41":0,"42":0,"43":0,"44":0,"45":0,"46":0,"47":0,"48":0,"49":0,"50":0,"51":0,"52":0,"53":0,"54":1,"55":0,"56":0,"57":0,"58":0},"f":{"0":0,"1":0,"2":0,"3":0,"4":0,"5":0,"6":0,"7":0,"8":0},"b":{"0":[0,0],"1":[0,0],"2":[0,0],"3":[0,0]},"_coverageSchema":"1a1c01bbd47fc00a2c39e90264f33305004495a9","hash":"1e20b7d221326de11464b25f8e515ef2eb3e304b"}
,"/Users/EACM/Documents/Developer/vegan-project/cdmx-guide-api/controllers/restaurants.js": {"path":"/Users/EACM/Documents/Developer/vegan-project/cdmx-guide-api/controllers/restaurants.js","statementMap":{"0":{"start":{"line":1,"column":19},"end":{"line":1,"column":50}},"1":{"start":{"line":2,"column":21},"end":{"line":2,"column":53}},"2":{"start":{"line":8,"column":0},"end":{"line":31,"column":2}},"3":{"start":{"line":9,"column":1},"end":{"line":30,"column":2}},"4":{"start":{"line":10,"column":19},"end":{"line":10,"column":21}},"5":{"start":{"line":11,"column":15},"end":{"line":11,"column":48}},"6":{"start":{"line":13,"column":18},"end":{"line":20,"column":7}},"7":{"start":{"line":22,"column":16},"end":{"line":22,"column":63}},"8":{"start":{"line":23,"column":22},"end":{"line":25,"column":31}},"9":{"start":{"line":27,"column":2},"end":{"line":27,"column":81}},"10":{"start":{"line":29,"column":2},"end":{"line":29,"column":51}},"11":{"start":{"line":37,"column":0},"end":{"line":45,"column":2}},"12":{"start":{"line":38,"column":1},"end":{"line":44,"column":2}},"13":{"start":{"line":39,"column":17},"end":{"line":39,"column":27}},"14":{"start":{"line":40,"column":21},"end":{"line":40,"column":67}},"15":{"start":{"line":41,"column":2},"end":{"line":41,"column":38}},"16":{"start":{"line":43,"column":2},"end":{"line":43,"column":47}},"17":{"start":{"line":51,"column":0},"end":{"line":67,"column":2}},"18":{"start":{"line":52,"column":1},"end":{"line":66,"column":2}},"19":{"start":{"line":53,"column":66},"end":{"line":53,"column":74}},"20":{"start":{"line":55,"column":21},"end":{"line":62,"column":4}},"21":{"start":{"line":63,"column":2},"end":{"line":63,"column":38}},"22":{"start":{"line":65,"column":2},"end":{"line":65,"column":47}},"23":{"start":{"line":73,"column":0},"end":{"line":88,"column":2}},"24":{"start":{"line":74,"column":1},"end":{"line":87,"column":2}},"25":{"start":{"line":75,"column":17},"end":{"line":75,"column":27}},"26":{"start":{"line":76,"column":54},"end":{"line":76,"column":62}},"27":{"start":{"line":77,"column":21},"end":{"line":83,"column":4}},"28":{"start":{"line":84,"column":2},"end":{"line":84,"column":38}},"29":{"start":{"line":86,"column":2},"end":{"line":86,"column":47}},"30":{"start":{"line":94,"column":0},"end":{"line":102,"column":2}},"31":{"start":{"line":95,"column":1},"end":{"line":101,"column":2}},"32":{"start":{"line":96,"column":17},"end":{"line":96,"column":27}},"33":{"start":{"line":97,"column":2},"end":{"line":97,"column":40}},"34":{"start":{"line":98,"column":2},"end":{"line":98,"column":57}},"35":{"start":{"line":100,"column":2},"end":{"line":100,"column":47}},"36":{"start":{"line":108,"column":0},"end":{"line":143,"column":2}},"37":{"start":{"line":109,"column":1},"end":{"line":142,"column":2}},"38":{"start":{"line":110,"column":30},"end":{"line":110,"column":38}},"39":{"start":{"line":112,"column":21},"end":{"line":112,"column":61}},"40":{"start":{"line":114,"column":2},"end":{"line":139,"column":3}},"41":{"start":{"line":115,"column":27},"end":{"line":117,"column":4}},"42":{"start":{"line":116,"column":9},"end":{"line":116,"column":54}},"43":{"start":{"line":119,"column":3},"end":{"line":122,"column":4}},"44":{"start":{"line":120,"column":4},"end":{"line":120,"column":19}},"45":{"start":{"line":121,"column":4},"end":{"line":121,"column":50}},"46":{"start":{"line":124,"column":18},"end":{"line":129,"column":4}},"47":{"start":{"line":131,"column":3},"end":{"line":131,"column":34}},"48":{"start":{"line":132,"column":3},"end":{"line":132,"column":52}},"49":{"start":{"line":133,"column":3},"end":{"line":135,"column":29}},"50":{"start":{"line":134,"column":45},"end":{"line":134,"column":62}},"51":{"start":{"line":137,"column":3},"end":{"line":137,"column":26}},"52":{"start":{"line":138,"column":3},"end":{"line":138,"column":52}},"53":{"start":{"line":141,"column":2},"end":{"line":141,"column":47}},"54":{"start":{"line":149,"column":0},"end":{"line":156,"column":2}},"55":{"start":{"line":150,"column":1},"end":{"line":155,"column":2}},"56":{"start":{"line":151,"column":22},"end":{"line":151,"column":77}},"57":{"start":{"line":152,"column":2},"end":{"line":152,"column":35}},"58":{"start":{"line":154,"column":2},"end":{"line":154,"column":47}}},"fnMap":{"0":{"name":"(anonymous_0)","decl":{"start":{"line":8,"column":41},"end":{"line":8,"column":42}},"loc":{"start":{"line":8,"column":61},"end":{"line":31,"column":1}},"line":8},"1":{"name":"(anonymous_1)","decl":{"start":{"line":37,"column":37},"end":{"line":37,"column":38}},"loc":{"start":{"line":37,"column":57},"end":{"line":45,"column":1}},"line":37},"2":{"name":"(anonymous_2)","decl":{"start":{"line":51,"column":40},"end":{"line":51,"column":41}},"loc":{"start":{"line":51,"column":60},"end":{"line":67,"column":1}},"line":51},"3":{"name":"(anonymous_3)","decl":{"start":{"line":73,"column":40},"end":{"line":73,"column":41}},"loc":{"start":{"line":73,"column":60},"end":{"line":88,"column":1}},"line":73},"4":{"name":"(anonymous_4)","decl":{"start":{"line":94,"column":40},"end":{"line":94,"column":41}},"loc":{"start":{"line":94,"column":60},"end":{"line":102,"column":1}},"line":94},"5":{"name":"(anonymous_5)","decl":{"start":{"line":108,"column":46},"end":{"line":108,"column":47}},"loc":{"start":{"line":108,"column":66},"end":{"line":143,"column":1}},"line":108},"6":{"name":"(anonymous_6)","decl":{"start":{"line":116,"column":4},"end":{"line":116,"column":5}},"loc":{"start":{"line":116,"column":9},"end":{"line":116,"column":54}},"line":116},"7":{"name":"(anonymous_7)","decl":{"start":{"line":134,"column":30},"end":{"line":134,"column":31}},"loc":{"start":{"line":134,"column":45},"end":{"line":134,"column":62}},"line":134},"8":{"name":"(anonymous_8)","decl":{"start":{"line":149,"column":41},"end":{"line":149,"column":42}},"loc":{"start":{"line":149,"column":61},"end":{"line":156,"column":1}},"line":149}},"branchMap":{"0":{"loc":{"start":{"line":11,"column":15},"end":{"line":11,"column":48}},"type":"binary-expr","locations":[{"start":{"line":11,"column":15},"end":{"line":11,"column":43}},{"start":{"line":11,"column":47},"end":{"line":11,"column":48}}],"line":11},"1":{"loc":{"start":{"line":13,"column":18},"end":{"line":20,"column":7}},"type":"cond-expr","locations":[{"start":{"line":14,"column":5},"end":{"line":19,"column":6}},{"start":{"line":20,"column":5},"end":{"line":20,"column":7}}],"line":13},"2":{"loc":{"start":{"line":114,"column":2},"end":{"line":139,"column":3}},"type":"if","locations":[{"start":{"line":114,"column":2},"end":{"line":139,"column":3}},{"start":{"line":114,"column":2},"end":{"line":139,"column":3}}],"line":114},"3":{"loc":{"start":{"line":119,"column":3},"end":{"line":122,"column":4}},"type":"if","locations":[{"start":{"line":119,"column":3},"end":{"line":122,"column":4}},{"start":{"line":119,"column":3},"end":{"line":122,"column":4}}],"line":119}},"s":{"0":1,"1":1,"2":1,"3":0,"4":0,"5":0,"6":0,"7":0,"8":0,"9":0,"10":0,"11":1,"12":0,"13":0,"14":0,"15":0,"16":0,"17":1,"18":0,"19":0,"20":0,"21":0,"22":0,"23":1,"24":0,"25":0,"26":0,"27":0,"28":0,"29":0,"30":1,"31":0,"32":0,"33":0,"34":0,"35":0,"36":1,"37":0,"38":0,"39":0,"40":0,"41":0,"42":0,"43":0,"44":0,"45":0,"46":0,"47":0,"48":0,"49":0,"50":0,"51":0,"52":0,"53":0,"54":1,"55":0,"56":0,"57":0,"58":0},"f":{"0":0,"1":0,"2":0,"3":0,"4":0,"5":0,"6":0,"7":0,"8":0},"b":{"0":[0,0],"1":[0,0],"2":[0,0],"3":[0,0]},"_coverageSchema":"1a1c01bbd47fc00a2c39e90264f33305004495a9","hash":"9beb46164add76754a96c3db6a98945e8fa9ea99"}
,"/Users/EACM/Documents/Developer/vegan-project/cdmx-guide-api/middleware/authMiddleware.js": {"path":"/Users/EACM/Documents/Developer/vegan-project/cdmx-guide-api/middleware/authMiddleware.js","statementMap":{"0":{"start":{"line":1,"column":12},"end":{"line":1,"column":35}},"1":{"start":{"line":2,"column":21},"end":{"line":2,"column":53}},"2":{"start":{"line":3,"column":13},"end":{"line":3,"column":38}},"3":{"start":{"line":5,"column":0},"end":{"line":26,"column":2}},"4":{"start":{"line":8,"column":1},"end":{"line":21,"column":2}},"5":{"start":{"line":9,"column":2},"end":{"line":20,"column":3}},"6":{"start":{"line":10,"column":3},"end":{"line":10,"column":50}},"7":{"start":{"line":12,"column":19},"end":{"line":12,"column":60}},"8":{"start":{"line":14,"column":3},"end":{"line":14,"column":65}},"9":{"start":{"line":16,"column":3},"end":{"line":16,"column":9}},"10":{"start":{"line":18,"column":3},"end":{"line":18,"column":23}},"11":{"start":{"line":19,"column":3},"end":{"line":19,"column":72}},"12":{"start":{"line":23,"column":1},"end":{"line":25,"column":2}},"13":{"start":{"line":24,"column":2},"end":{"line":24,"column":74}},"14":{"start":{"line":28,"column":0},"end":{"line":35,"column":1}},"15":{"start":{"line":29,"column":1},"end":{"line":34,"column":2}},"16":{"start":{"line":30,"column":2},"end":{"line":30,"column":8}},"17":{"start":{"line":32,"column":2},"end":{"line":32,"column":17}},"18":{"start":{"line":33,"column":2},"end":{"line":33,"column":47}}},"fnMap":{"0":{"name":"(anonymous_0)","decl":{"start":{"line":5,"column":31},"end":{"line":5,"column":32}},"loc":{"start":{"line":5,"column":57},"end":{"line":26,"column":1}},"line":5},"1":{"name":"(anonymous_1)","decl":{"start":{"line":28,"column":16},"end":{"line":28,"column":17}},"loc":{"start":{"line":28,"column":36},"end":{"line":35,"column":1}},"line":28}},"branchMap":{"0":{"loc":{"start":{"line":8,"column":1},"end":{"line":21,"column":2}},"type":"if","locations":[{"start":{"line":8,"column":1},"end":{"line":21,"column":2}},{"start":{"line":8,"column":1},"end":{"line":21,"column":2}}],"line":8},"1":{"loc":{"start":{"line":8,"column":5},"end":{"line":8,"column":80}},"type":"binary-expr","locations":[{"start":{"line":8,"column":5},"end":{"line":8,"column":30}},{"start":{"line":8,"column":34},"end":{"line":8,"column":80}}],"line":8},"2":{"loc":{"start":{"line":23,"column":1},"end":{"line":25,"column":2}},"type":"if","locations":[{"start":{"line":23,"column":1},"end":{"line":25,"column":2}},{"start":{"line":23,"column":1},"end":{"line":25,"column":2}}],"line":23},"3":{"loc":{"start":{"line":29,"column":1},"end":{"line":34,"column":2}},"type":"if","locations":[{"start":{"line":29,"column":1},"end":{"line":34,"column":2}},{"start":{"line":29,"column":1},"end":{"line":34,"column":2}}],"line":29}},"s":{"0":1,"1":1,"2":1,"3":1,"4":0,"5":0,"6":0,"7":0,"8":0,"9":0,"10":0,"11":0,"12":0,"13":0,"14":1,"15":0,"16":0,"17":0,"18":0},"f":{"0":0,"1":0},"b":{"0":[0,0],"1":[0,0],"2":[0,0],"3":[0,0]},"_coverageSchema":"1a1c01bbd47fc00a2c39e90264f33305004495a9","hash":"1409c41a11f1288e7f7e73760e8b63c1db344286"}
,"/Users/EACM/Documents/Developer/vegan-project/cdmx-guide-api/models/Business.js": {"path":"/Users/EACM/Documents/Developer/vegan-project/cdmx-guide-api/models/Business.js","statementMap":{"0":{"start":{"line":1,"column":17},"end":{"line":1,"column":36}},"1":{"start":{"line":2,"column":15},"end":{"line":2,"column":30}},"2":{"start":{"line":3,"column":15},"end":{"line":3,"column":34}},"3":{"start":{"line":5,"column":23},"end":{"line":82,"column":1}},"4":{"start":{"line":84,"column":0},"end":{"line":84,"column":70}}},"fnMap":{},"branchMap":{},"s":{"0":3,"1":3,"2":3,"3":3,"4":3},"f":{},"b":{},"_coverageSchema":"1a1c01bbd47fc00a2c39e90264f33305004495a9","hash":"7a9bc618a2f40649f8cb8cefe20e323a1db8c515"}
,"/Users/EACM/Documents/Developer/vegan-project/cdmx-guide-api/models/Doctor.js": {"path":"/Users/EACM/Documents/Developer/vegan-project/cdmx-guide-api/models/Doctor.js","statementMap":{"0":{"start":{"line":1,"column":17},"end":{"line":1,"column":36}},"1":{"start":{"line":2,"column":15},"end":{"line":2,"column":30}},"2":{"start":{"line":3,"column":15},"end":{"line":3,"column":34}},"3":{"start":{"line":5,"column":21},"end":{"line":71,"column":1}},"4":{"start":{"line":73,"column":0},"end":{"line":73,"column":64}}},"fnMap":{},"branchMap":{},"s":{"0":2,"1":2,"2":2,"3":2,"4":2},"f":{},"b":{},"_coverageSchema":"1a1c01bbd47fc00a2c39e90264f33305004495a9","hash":"3af37cc61882db7c601743fb717565a967c0e09e"}
,"/Users/EACM/Documents/Developer/vegan-project/cdmx-guide-api/models/Market.js": {"path":"/Users/EACM/Documents/Developer/vegan-project/cdmx-guide-api/models/Market.js","statementMap":{"0":{"start":{"line":1,"column":17},"end":{"line":1,"column":36}},"1":{"start":{"line":2,"column":15},"end":{"line":2,"column":30}},"2":{"start":{"line":3,"column":15},"end":{"line":3,"column":34}},"3":{"start":{"line":5,"column":21},"end":{"line":48,"column":1}},"4":{"start":{"line":50,"column":0},"end":{"line":50,"column":64}}},"fnMap":{},"branchMap":{},"s":{"0":2,"1":2,"2":2,"3":2,"4":2},"f":{},"b":{},"_coverageSchema":"1a1c01bbd47fc00a2c39e90264f33305004495a9","hash":"76efc2b31f979c3f36a5fa228ca52720bd7d27df"}
,"/Users/EACM/Documents/Developer/vegan-project/cdmx-guide-api/models/Profession.js": {"path":"/Users/EACM/Documents/Developer/vegan-project/cdmx-guide-api/models/Profession.js","statementMap":{"0":{"start":{"line":2,"column":17},"end":{"line":2,"column":36}},"1":{"start":{"line":3,"column":15},"end":{"line":3,"column":30}},"2":{"start":{"line":4,"column":15},"end":{"line":4,"column":34}},"3":{"start":{"line":6,"column":25},"end":{"line":61,"column":1}},"4":{"start":{"line":63,"column":0},"end":{"line":63,"column":76}}},"fnMap":{},"branchMap":{},"s":{"0":2,"1":2,"2":2,"3":2,"4":2},"f":{},"b":{},"_coverageSchema":"1a1c01bbd47fc00a2c39e90264f33305004495a9","hash":"ef0376173a431d5ec2ef957cf0a3f497bc33675e"}
,"/Users/EACM/Documents/Developer/vegan-project/cdmx-guide-api/models/Recipe.js": {"path":"/Users/EACM/Documents/Developer/vegan-project/cdmx-guide-api/models/Recipe.js","statementMap":{"0":{"start":{"line":1,"column":17},"end":{"line":1,"column":36}},"1":{"start":{"line":2,"column":15},"end":{"line":2,"column":30}},"2":{"start":{"line":3,"column":15},"end":{"line":3,"column":34}},"3":{"start":{"line":5,"column":21},"end":{"line":81,"column":1}},"4":{"start":{"line":83,"column":0},"end":{"line":83,"column":64}}},"fnMap":{},"branchMap":{},"s":{"0":2,"1":2,"2":2,"3":2,"4":2},"f":{},"b":{},"_coverageSchema":"1a1c01bbd47fc00a2c39e90264f33305004495a9","hash":"97cfece49d2cefc4026913075701ab33c7561dec"}
,"/Users/EACM/Documents/Developer/vegan-project/cdmx-guide-api/models/Restaurant.js": {"path":"/Users/EACM/Documents/Developer/vegan-project/cdmx-guide-api/models/Restaurant.js","statementMap":{"0":{"start":{"line":1,"column":17},"end":{"line":1,"column":36}},"1":{"start":{"line":2,"column":15},"end":{"line":2,"column":30}},"2":{"start":{"line":3,"column":15},"end":{"line":3,"column":34}},"3":{"start":{"line":5,"column":25},"end":{"line":79,"column":1}},"4":{"start":{"line":81,"column":0},"end":{"line":81,"column":76}}},"fnMap":{},"branchMap":{},"s":{"0":2,"1":2,"2":2,"3":2,"4":2},"f":{},"b":{},"_coverageSchema":"1a1c01bbd47fc00a2c39e90264f33305004495a9","hash":"ed038a877e37ffafc54a9046d1f68e8eb93455f4"}
,"/Users/EACM/Documents/Developer/vegan-project/cdmx-guide-api/models/Review.js": {"path":"/Users/EACM/Documents/Developer/vegan-project/cdmx-guide-api/models/Review.js","statementMap":{"0":{"start":{"line":1,"column":17},"end":{"line":1,"column":36}},"1":{"start":{"line":2,"column":15},"end":{"line":2,"column":30}},"2":{"start":{"line":4,"column":21},"end":{"line":30,"column":1}},"3":{"start":{"line":32,"column":0},"end":{"line":32,"column":29}}},"fnMap":{},"branchMap":{},"s":{"0":3,"1":3,"2":3,"3":3},"f":{},"b":{},"_coverageSchema":"1a1c01bbd47fc00a2c39e90264f33305004495a9","hash":"d2a4981657a813d34842abec828c28a9f1864328"}
,"/Users/EACM/Documents/Developer/vegan-project/cdmx-guide-api/models/User.js": {"path":"/Users/EACM/Documents/Developer/vegan-project/cdmx-guide-api/models/User.js","statementMap":{"0":{"start":{"line":1,"column":17},"end":{"line":1,"column":36}},"1":{"start":{"line":2,"column":15},"end":{"line":2,"column":30}},"2":{"start":{"line":3,"column":15},"end":{"line":3,"column":34}},"3":{"start":{"line":5,"column":19},"end":{"line":38,"column":1}},"4":{"start":{"line":40,"column":0},"end":{"line":42,"column":1}},"5":{"start":{"line":41,"column":1},"end":{"line":41,"column":60}},"6":{"start":{"line":44,"column":0},"end":{"line":51,"column":2}},"7":{"start":{"line":45,"column":1},"end":{"line":47,"column":2}},"8":{"start":{"line":46,"column":2},"end":{"line":46,"column":8}},"9":{"start":{"line":49,"column":14},"end":{"line":49,"column":38}},"10":{"start":{"line":50,"column":1},"end":{"line":50,"column":55}},"11":{"start":{"line":53,"column":0},"end":{"line":53,"column":58}}},"fnMap":{"0":{"name":"(anonymous_0)","decl":{"start":{"line":40,"column":35},"end":{"line":40,"column":36}},"loc":{"start":{"line":40,"column":68},"end":{"line":42,"column":1}},"line":40},"1":{"name":"(anonymous_1)","decl":{"start":{"line":44,"column":23},"end":{"line":44,"column":24}},"loc":{"start":{"line":44,"column":45},"end":{"line":51,"column":1}},"line":44}},"branchMap":{"0":{"loc":{"start":{"line":45,"column":1},"end":{"line":47,"column":2}},"type":"if","locations":[{"start":{"line":45,"column":1},"end":{"line":47,"column":2}},{"start":{"line":45,"column":1},"end":{"line":47,"column":2}}],"line":45}},"s":{"0":3,"1":3,"2":3,"3":3,"4":3,"5":0,"6":3,"7":0,"8":0,"9":0,"10":0,"11":3},"f":{"0":0,"1":0},"b":{"0":[0,0]},"_coverageSchema":"1a1c01bbd47fc00a2c39e90264f33305004495a9","hash":"070d521c738c57ee864b55072c8902e4d0762109"}
,"/Users/EACM/Documents/Developer/vegan-project/cdmx-guide-api/routes/auth-routes.js": {"path":"/Users/EACM/Documents/Developer/vegan-project/cdmx-guide-api/routes/auth-routes.js","statementMap":{"0":{"start":{"line":1,"column":15},"end":{"line":1,"column":42}},"1":{"start":{"line":12,"column":4},"end":{"line":12,"column":34}},"2":{"start":{"line":14,"column":27},"end":{"line":14,"column":66}},"3":{"start":{"line":18,"column":0},"end":{"line":18,"column":41}},"4":{"start":{"line":19,"column":0},"end":{"line":19,"column":47}},"5":{"start":{"line":20,"column":0},"end":{"line":20,"column":47}},"6":{"start":{"line":21,"column":0},"end":{"line":21,"column":36}},"7":{"start":{"line":22,"column":0},"end":{"line":22,"column":32}},"8":{"start":{"line":23,"column":0},"end":{"line":23,"column":59}},"9":{"start":{"line":24,"column":0},"end":{"line":24,"column":53}},"10":{"start":{"line":25,"column":0},"end":{"line":25,"column":56}},"11":{"start":{"line":27,"column":0},"end":{"line":27,"column":23}}},"fnMap":{},"branchMap":{},"s":{"0":1,"1":1,"2":1,"3":1,"4":1,"5":1,"6":1,"7":1,"8":1,"9":1,"10":1,"11":1},"f":{},"b":{},"_coverageSchema":"1a1c01bbd47fc00a2c39e90264f33305004495a9","hash":"1d3dc5fb366d2744c3abb17884fd899bcb224311"}
,"/Users/EACM/Documents/Developer/vegan-project/cdmx-guide-api/routes/business-routes.js": {"path":"/Users/EACM/Documents/Developer/vegan-project/cdmx-guide-api/routes/business-routes.js","statementMap":{"0":{"start":{"line":1,"column":15},"end":{"line":1,"column":42}},"1":{"start":{"line":11,"column":4},"end":{"line":11,"column":38}},"2":{"start":{"line":13,"column":20},"end":{"line":13,"column":59}},"3":{"start":{"line":17,"column":0},"end":{"line":17,"column":31}},"4":{"start":{"line":18,"column":0},"end":{"line":18,"column":34}},"5":{"start":{"line":19,"column":0},"end":{"line":19,"column":31}},"6":{"start":{"line":20,"column":0},"end":{"line":20,"column":47}},"7":{"start":{"line":21,"column":0},"end":{"line":21,"column":58}},"8":{"start":{"line":22,"column":0},"end":{"line":22,"column":48}},"9":{"start":{"line":23,"column":0},"end":{"line":23,"column":53}},"10":{"start":{"line":25,"column":0},"end":{"line":25,"column":23}}},"fnMap":{},"branchMap":{},"s":{"0":1,"1":1,"2":1,"3":1,"4":1,"5":1,"6":1,"7":1,"8":1,"9":1,"10":1},"f":{},"b":{},"_coverageSchema":"1a1c01bbd47fc00a2c39e90264f33305004495a9","hash":"77f0bba0512d81cd5701e680dd1516b986dc1179"}
,"/Users/EACM/Documents/Developer/vegan-project/cdmx-guide-api/routes/doctor-routes.js": {"path":"/Users/EACM/Documents/Developer/vegan-project/cdmx-guide-api/routes/doctor-routes.js","statementMap":{"0":{"start":{"line":1,"column":15},"end":{"line":1,"column":42}},"1":{"start":{"line":11,"column":4},"end":{"line":11,"column":37}},"2":{"start":{"line":13,"column":20},"end":{"line":13,"column":59}},"3":{"start":{"line":17,"column":0},"end":{"line":17,"column":30}},"4":{"start":{"line":18,"column":0},"end":{"line":18,"column":32}},"5":{"start":{"line":19,"column":0},"end":{"line":19,"column":29}},"6":{"start":{"line":20,"column":0},"end":{"line":20,"column":45}},"7":{"start":{"line":21,"column":0},"end":{"line":21,"column":56}},"8":{"start":{"line":22,"column":0},"end":{"line":22,"column":46}},"9":{"start":{"line":23,"column":0},"end":{"line":23,"column":51}},"10":{"start":{"line":25,"column":0},"end":{"line":25,"column":23}}},"fnMap":{},"branchMap":{},"s":{"0":1,"1":1,"2":1,"3":1,"4":1,"5":1,"6":1,"7":1,"8":1,"9":1,"10":1},"f":{},"b":{},"_coverageSchema":"1a1c01bbd47fc00a2c39e90264f33305004495a9","hash":"ef6de695401d3269a3245c5890faddf18dce4ccd"}
,"/Users/EACM/Documents/Developer/vegan-project/cdmx-guide-api/routes/index.js": {"path":"/Users/EACM/Documents/Developer/vegan-project/cdmx-guide-api/routes/index.js","statementMap":{"0":{"start":{"line":1,"column":15},"end":{"line":1,"column":42}},"1":{"start":{"line":3,"column":0},"end":{"line":9,"column":2}},"2":{"start":{"line":4,"column":1},"end":{"line":8,"column":2}},"3":{"start":{"line":5,"column":2},"end":{"line":5,"column":48}},"4":{"start":{"line":7,"column":2},"end":{"line":7,"column":47}},"5":{"start":{"line":11,"column":0},"end":{"line":11,"column":23}}},"fnMap":{"0":{"name":"(anonymous_0)","decl":{"start":{"line":3,"column":16},"end":{"line":3,"column":17}},"loc":{"start":{"line":3,"column":30},"end":{"line":9,"column":1}},"line":3}},"branchMap":{},"s":{"0":1,"1":1,"2":1,"3":1,"4":0,"5":1},"f":{"0":1},"b":{},"_coverageSchema":"1a1c01bbd47fc00a2c39e90264f33305004495a9","hash":"76121be0c2316bbb1b1ea894ca078d426602e599"}
,"/Users/EACM/Documents/Developer/vegan-project/cdmx-guide-api/routes/markets-routes.js": {"path":"/Users/EACM/Documents/Developer/vegan-project/cdmx-guide-api/routes/markets-routes.js","statementMap":{"0":{"start":{"line":1,"column":16},"end":{"line":1,"column":34}},"1":{"start":{"line":2,"column":15},"end":{"line":2,"column":31}},"2":{"start":{"line":12,"column":4},"end":{"line":12,"column":37}},"3":{"start":{"line":14,"column":20},"end":{"line":14,"column":59}},"4":{"start":{"line":18,"column":0},"end":{"line":18,"column":30}},"5":{"start":{"line":19,"column":0},"end":{"line":19,"column":29}},"6":{"start":{"line":20,"column":0},"end":{"line":20,"column":33}},"7":{"start":{"line":21,"column":0},"end":{"line":21,"column":56}},"8":{"start":{"line":22,"column":0},"end":{"line":22,"column":45}},"9":{"start":{"line":23,"column":0},"end":{"line":23,"column":46}},"10":{"start":{"line":24,"column":0},"end":{"line":24,"column":51}},"11":{"start":{"line":26,"column":0},"end":{"line":26,"column":23}}},"fnMap":{},"branchMap":{},"s":{"0":1,"1":1,"2":1,"3":1,"4":1,"5":1,"6":1,"7":1,"8":1,"9":1,"10":1,"11":1},"f":{},"b":{},"_coverageSchema":"1a1c01bbd47fc00a2c39e90264f33305004495a9","hash":"611315db3a8a3d4a700f543a9712cc1e8004af89"}
,"/Users/EACM/Documents/Developer/vegan-project/cdmx-guide-api/routes/profession-routes.js": {"path":"/Users/EACM/Documents/Developer/vegan-project/cdmx-guide-api/routes/profession-routes.js","statementMap":{"0":{"start":{"line":1,"column":15},"end":{"line":1,"column":42}},"1":{"start":{"line":11,"column":4},"end":{"line":11,"column":40}},"2":{"start":{"line":13,"column":20},"end":{"line":13,"column":59}},"3":{"start":{"line":17,"column":0},"end":{"line":17,"column":34}},"4":{"start":{"line":18,"column":0},"end":{"line":18,"column":36}},"5":{"start":{"line":19,"column":0},"end":{"line":19,"column":33}},"6":{"start":{"line":20,"column":0},"end":{"line":20,"column":49}},"7":{"start":{"line":21,"column":0},"end":{"line":21,"column":60}},"8":{"start":{"line":22,"column":0},"end":{"line":22,"column":50}},"9":{"start":{"line":23,"column":0},"end":{"line":23,"column":55}},"10":{"start":{"line":25,"column":0},"end":{"line":25,"column":23}}},"fnMap":{},"branchMap":{},"s":{"0":1,"1":1,"2":1,"3":1,"4":1,"5":1,"6":1,"7":1,"8":1,"9":1,"10":1},"f":{},"b":{},"_coverageSchema":"1a1c01bbd47fc00a2c39e90264f33305004495a9","hash":"3ff611e02cb2bc95157ecdc8a4e50ec495cb4c14"}
,"/Users/EACM/Documents/Developer/vegan-project/cdmx-guide-api/routes/recipe-routes.js": {"path":"/Users/EACM/Documents/Developer/vegan-project/cdmx-guide-api/routes/recipe-routes.js","statementMap":{"0":{"start":{"line":1,"column":15},"end":{"line":1,"column":42}},"1":{"start":{"line":11,"column":4},"end":{"line":11,"column":37}},"2":{"start":{"line":13,"column":20},"end":{"line":13,"column":59}},"3":{"start":{"line":17,"column":0},"end":{"line":17,"column":30}},"4":{"start":{"line":18,"column":0},"end":{"line":18,"column":29}},"5":{"start":{"line":19,"column":0},"end":{"line":19,"column":33}},"6":{"start":{"line":20,"column":0},"end":{"line":20,"column":45}},"7":{"start":{"line":21,"column":0},"end":{"line":21,"column":56}},"8":{"start":{"line":22,"column":0},"end":{"line":22,"column":46}},"9":{"start":{"line":23,"column":0},"end":{"line":23,"column":51}},"10":{"start":{"line":25,"column":0},"end":{"line":25,"column":23}}},"fnMap":{},"branchMap":{},"s":{"0":1,"1":1,"2":1,"3":1,"4":1,"5":1,"6":1,"7":1,"8":1,"9":1,"10":1},"f":{},"b":{},"_coverageSchema":"1a1c01bbd47fc00a2c39e90264f33305004495a9","hash":"533f7aea5763e8ce09a62df924e3229bcfc7c34c"}
,"/Users/EACM/Documents/Developer/vegan-project/cdmx-guide-api/routes/restaurants-routes.js": {"path":"/Users/EACM/Documents/Developer/vegan-project/cdmx-guide-api/routes/restaurants-routes.js","statementMap":{"0":{"start":{"line":1,"column":16},"end":{"line":1,"column":34}},"1":{"start":{"line":2,"column":15},"end":{"line":2,"column":31}},"2":{"start":{"line":12,"column":4},"end":{"line":12,"column":41}},"3":{"start":{"line":14,"column":20},"end":{"line":14,"column":59}},"4":{"start":{"line":18,"column":0},"end":{"line":18,"column":34}},"5":{"start":{"line":19,"column":0},"end":{"line":19,"column":33}},"6":{"start":{"line":20,"column":0},"end":{"line":20,"column":37}},"7":{"start":{"line":21,"column":0},"end":{"line":21,"column":60}},"8":{"start":{"line":22,"column":0},"end":{"line":22,"column":49}},"9":{"start":{"line":23,"column":0},"end":{"line":23,"column":50}},"10":{"start":{"line":24,"column":0},"end":{"line":24,"column":55}},"11":{"start":{"line":26,"column":0},"end":{"line":26,"column":23}}},"fnMap":{},"branchMap":{},"s":{"0":1,"1":1,"2":1,"3":1,"4":1,"5":1,"6":1,"7":1,"8":1,"9":1,"10":1,"11":1},"f":{},"b":{},"_coverageSchema":"1a1c01bbd47fc00a2c39e90264f33305004495a9","hash":"712d0c7619800888a16048c7b61d6941342ff3c6"}
,"/Users/EACM/Documents/Developer/vegan-project/cdmx-guide-api/utils/generateToken.js": {"path":"/Users/EACM/Documents/Developer/vegan-project/cdmx-guide-api/utils/generateToken.js","statementMap":{"0":{"start":{"line":1,"column":12},"end":{"line":1,"column":35}},"1":{"start":{"line":3,"column":22},"end":{"line":7,"column":1}},"2":{"start":{"line":4,"column":1},"end":{"line":6,"column":3}},"3":{"start":{"line":9,"column":0},"end":{"line":9,"column":30}}},"fnMap":{"0":{"name":"(anonymous_0)","decl":{"start":{"line":3,"column":22},"end":{"line":3,"column":23}},"loc":{"start":{"line":3,"column":28},"end":{"line":7,"column":1}},"line":3}},"branchMap":{},"s":{"0":2,"1":2,"2":0,"3":2},"f":{"0":0},"b":{},"_coverageSchema":"1a1c01bbd47fc00a2c39e90264f33305004495a9","hash":"0ab6f91c518142dad159f0b9ae61124bc9ec882e"}
}
